
2025/11/12 10:11:48 D:/GoWorkers/pkg/mod/github.com/go-gormigrate/gormigrate/v2@v2.1.5/gormigrate.go:402
[0.528ms] [rows:-] SELECT DATABASE()

2025/11/12 10:11:48 D:/GoWorkers/pkg/mod/github.com/go-gormigrate/gormigrate/v2@v2.1.5/gormigrate.go:402
[1.059ms] [rows:1] SELECT SCHEMA_NAME from Information_schema.SCHEMATA where SCHEMA_NAME LIKE 'bosh-admin%' ORDER BY SCHEMA_NAME='bosh-admin' DESC,SCHEMA_NAME limit 1

2025/11/12 10:11:48 D:/GoWorkers/pkg/mod/github.com/go-gormigrate/gormigrate/v2@v2.1.5/gormigrate.go:402
[47.062ms] [rows:-] SELECT count(*) FROM information_schema.tables WHERE table_schema = 'bosh-admin' AND table_name = 'migrations' AND table_type = 'BASE TABLE'

2025/11/12 10:11:48 D:/GoWorkers/pkg/mod/github.com/go-gormigrate/gormigrate/v2@v2.1.5/gormigrate.go:413
[53.950ms] [rows:1] SELECT count(*) FROM `migrations` WHERE id = '202507090943_init_schema'

2025/11/12 10:24:55 D:/GoWorkers/pkg/mod/github.com/go-gormigrate/gormigrate/v2@v2.1.5/gormigrate.go:402
[0.000ms] [rows:-] SELECT DATABASE()

2025/11/12 10:24:55 D:/GoWorkers/pkg/mod/github.com/go-gormigrate/gormigrate/v2@v2.1.5/gormigrate.go:402
[0.903ms] [rows:1] SELECT SCHEMA_NAME from Information_schema.SCHEMATA where SCHEMA_NAME LIKE 'bosh-admin%' ORDER BY SCHEMA_NAME='bosh-admin' DESC,SCHEMA_NAME limit 1

2025/11/12 10:24:55 D:/GoWorkers/pkg/mod/github.com/go-gormigrate/gormigrate/v2@v2.1.5/gormigrate.go:402
[43.810ms] [rows:-] SELECT count(*) FROM information_schema.tables WHERE table_schema = 'bosh-admin' AND table_name = 'migrations' AND table_type = 'BASE TABLE'

2025/11/12 10:24:55 D:/GoWorkers/pkg/mod/github.com/go-gormigrate/gormigrate/v2@v2.1.5/gormigrate.go:413
[49.035ms] [rows:1] SELECT count(*) FROM `migrations` WHERE id = '202507090943_init_schema'

2025/11/12 10:29:57 D:/GoWorkers/pkg/mod/github.com/go-gormigrate/gormigrate/v2@v2.1.5/gormigrate.go:402
[0.520ms] [rows:-] SELECT DATABASE()

2025/11/12 10:29:57 D:/GoWorkers/pkg/mod/github.com/go-gormigrate/gormigrate/v2@v2.1.5/gormigrate.go:402
[0.760ms] [rows:1] SELECT SCHEMA_NAME from Information_schema.SCHEMATA where SCHEMA_NAME LIKE 'bosh-admin%' ORDER BY SCHEMA_NAME='bosh-admin' DESC,SCHEMA_NAME limit 1

2025/11/12 10:29:57 D:/GoWorkers/pkg/mod/github.com/go-gormigrate/gormigrate/v2@v2.1.5/gormigrate.go:402
[42.626ms] [rows:-] SELECT count(*) FROM information_schema.tables WHERE table_schema = 'bosh-admin' AND table_name = 'migrations' AND table_type = 'BASE TABLE'

2025/11/12 10:29:57 D:/GoWorkers/pkg/mod/github.com/go-gormigrate/gormigrate/v2@v2.1.5/gormigrate.go:413
[48.936ms] [rows:1] SELECT count(*) FROM `migrations` WHERE id = '202507090943_init_schema'
